<?xml version="1.0" encoding="UTF-8"?>
<!-- Generated by org.testng.reporters.JUnitXMLReporter -->
<testsuite ignored="0" hostname="EC2AMAZ-D9GMPCC" failures="0" tests="4" name="TestChaining" time="6.204" errors="0" timestamp="2023-09-01T12:01:08 GMT">
  <testcase classname="chaining.CreateUser" name="createUser" time="5.175"/>
  <testcase classname="chaining.GetUser" name="getUser" time="0.263"/>
  <testcase classname="chaining.UpdateUser" name="updateUser" time="0.454"/>
  <testcase classname="chaining.DeleteUser" name="deleteUser" time="0.199"/>
</testsuite> <!-- TestChaining -->
