<?xml version="1.0" encoding="UTF-8"?>
<testng-results ignored="1" total="2" passed="1" failed="0" skipped="0">
  <reporter-output>
  </reporter-output>
  <suite started-at="2023-09-01T12:23:05 GMT" name="Default suite" finished-at="2023-09-01T12:23:09 GMT" duration-ms="3453">
    <groups>
    </groups>
    <test started-at="2023-09-01T12:23:05 GMT" name="Default test" finished-at="2023-09-01T12:23:09 GMT" duration-ms="3453">
      <class name="requesttypes.GetTest">
        <test-method signature="getTestBDD()[pri:0, instance:requesttypes.GetTest@3fb1549b]" started-at="2023-09-01T12:23:05 GMT" name="getTestBDD" finished-at="2023-09-01T12:23:09 GMT" duration-ms="3357" status="PASS">
          <reporter-output>
          </reporter-output>
        </test-method> <!-- getTestBDD -->
      </class> <!-- requesttypes.GetTest -->
    </test> <!-- Default test -->
  </suite> <!-- Default suite -->
</testng-results>
